[14:23:14] [Datafixer Bootstrap/INFO]: 198 Datafixer optimizations took 65 milliseconds
[14:23:15] [Render thread/INFO]: Environment: Environment[sessionHost=https://sessionserver.mojang.com, servicesHost=https://api.minecraftservices.com, name=PROD]
[14:23:15] [Render thread/INFO]: Setting user: derrick921213
[14:23:15] [Render thread/INFO]: Backend library: LWJGL version 3.3.2+13
[14:23:17] [Render thread/INFO]: Reloading ResourceManager: vanilla
[14:23:17] [Worker-Main-8/INFO]: Found unifont_all_no_pua-15.1.04.hex, loading
[14:23:18] [Render thread/WARN]: Missing sound for event: minecraft:item.goat_horn.play
[14:23:18] [Render thread/WARN]: Missing sound for event: minecraft:entity.goat.screaming.horn_break
[14:23:18] [Render thread/WARN]: Missing sound for event: minecraft:entity.generic.wind_burst
[14:23:20] [Render thread/INFO]: OpenAL initialized on device MacBook Pro的揚聲器
[14:23:20] [Render thread/INFO]: Sound engine started
[14:23:20] [Render thread/INFO]: Created: 1024x512x4 minecraft:textures/atlas/blocks.png-atlas
[14:23:20] [Render thread/INFO]: Created: 256x256x4 minecraft:textures/atlas/signs.png-atlas
[14:23:20] [Render thread/INFO]: Created: 512x512x4 minecraft:textures/atlas/shield_patterns.png-atlas
[14:23:20] [Render thread/INFO]: Created: 512x512x4 minecraft:textures/atlas/banner_patterns.png-atlas
[14:23:20] [Render thread/INFO]: Created: 1024x1024x4 minecraft:textures/atlas/armor_trims.png-atlas
[14:23:20] [Render thread/INFO]: Created: 128x64x4 minecraft:textures/atlas/decorated_pot.png-atlas
[14:23:20] [Render thread/INFO]: Created: 256x256x4 minecraft:textures/atlas/chest.png-atlas
[14:23:20] [Render thread/INFO]: Created: 512x256x4 minecraft:textures/atlas/shulker_boxes.png-atlas
[14:23:20] [Render thread/INFO]: Created: 512x256x4 minecraft:textures/atlas/beds.png-atlas
[14:23:20] [Render thread/WARN]: Shader rendertype_entity_translucent_emissive could not find sampler named Sampler2 in the specified shader program.
[14:23:20] [Render thread/INFO]: Created: 512x256x0 minecraft:textures/atlas/particles.png-atlas
[14:23:20] [Render thread/INFO]: Created: 256x256x0 minecraft:textures/atlas/paintings.png-atlas
[14:23:20] [Render thread/INFO]: Created: 128x128x0 minecraft:textures/atlas/mob_effects.png-atlas
[14:23:20] [Render thread/INFO]: Created: 1024x512x0 minecraft:textures/atlas/gui.png-atlas
[14:23:52] [Render thread/INFO]: Stopping!
